\BOOKMARK [1][-]{section.1}{Executive Summary}{}% 1
\BOOKMARK [2][-]{subsection.1.1}{Overview}{section.1}% 2
\BOOKMARK [2][-]{subsection.1.2}{Project goals}{section.1}% 3
\BOOKMARK [2][-]{subsection.1.3}{Methodology}{section.1}% 4
\BOOKMARK [2][-]{subsection.1.4}{Expected project outcomes and added value}{section.1}% 5
\BOOKMARK [1][-]{section.2}{Expected Timeline}{}% 6
\BOOKMARK [2][-]{subsection.2.1}{Overview}{section.2}% 7
\BOOKMARK [3][-]{subsubsection.2.1.1}{Project management structure}{subsection.2.1}% 8
\BOOKMARK [2][-]{subsection.2.2}{Work Packages and Deliverables}{section.2}% 9
\BOOKMARK [3][-]{subsubsection.2.2.1}{Work Package 1 \204 Foundational Work}{subsection.2.2}% 10
\BOOKMARK [3][-]{subsubsection.2.2.2}{Work Package 2 \204 Core Game Engine Development}{subsection.2.2}% 11
\BOOKMARK [3][-]{subsubsection.2.2.3}{Work Package 3 \204 Engine Integration with SAT Solving Software}{subsection.2.2}% 12
\BOOKMARK [3][-]{subsubsection.2.2.4}{Work Package 4 \204 Level Generation}{subsection.2.2}% 13
\BOOKMARK [3][-]{subsubsection.2.2.5}{Work Package 5 \204 Experiments and Data Collection}{subsection.2.2}% 14
\BOOKMARK [3][-]{subsubsection.2.2.6}{Work Package 6 \204 Evaluation}{subsection.2.2}% 15
\BOOKMARK [3][-]{subsubsection.2.2.7}{List and schedule of Deliverables}{subsection.2.2}% 16
\BOOKMARK [2][-]{subsection.2.3}{Milestones}{section.2}% 17
\BOOKMARK [3][-]{subsubsection.2.3.1}{List and schedule of Milestones}{subsection.2.3}% 18
\BOOKMARK [2][-]{subsection.2.4}{Gantt Chart}{section.2}% 19
\BOOKMARK [1][-]{section.3}{Risk analysis and contingency plan}{}% 20
\BOOKMARK [2][-]{subsection.3.1}{Risk assessment methodology}{section.3}% 21
\BOOKMARK [2][-]{subsection.3.2}{Table of Risks and Contingencies}{section.3}% 22
\BOOKMARK [3][-]{subsubsection.3.2.1}{Note on personal illness}{subsection.3.2}% 23
\BOOKMARK [2][-]{subsection.3.3}{Managining high impact risks}{section.3}% 24
\BOOKMARK [3][-]{subsubsection.3.3.1}{Failure to generate level according to rules}{subsection.3.3}% 25
\BOOKMARK [3][-]{subsubsection.3.3.2}{Failure to integrate SAT solver}{subsection.3.3}% 26
\BOOKMARK [1][-]{section.4}{Significant progress made towards the project}{}% 27
\BOOKMARK [2][-]{subsection.4.1}{Preliminary prototype}{section.4}% 28
